<?xml version="1.0" encoding="UTF-8"?>
<testng-results ignored="0" total="1" passed="1" failed="0" skipped="0">
  <reporter-output>
  </reporter-output>
  <suite started-at="2024-02-15T18:26:53 IST" name="Suite" finished-at="2024-02-15T18:27:07 IST" duration-ms="13972">
    <groups>
    </groups>
    <test started-at="2024-02-15T18:26:53 IST" name="Test" finished-at="2024-02-15T18:27:07 IST" duration-ms="13972">
      <class name="Com.cs.tests.ActiTimeTestCase">
        <test-method is-config="true" signature="setUp()[pri:0, instance:Com.cs.tests.ActiTimeTestCase@22ff4249]" started-at="2024-02-15T18:26:53 IST" name="setUp" finished-at="2024-02-15T18:26:56 IST" duration-ms="3256" status="PASS">
          <reporter-output>
          </reporter-output>
        </test-method> <!-- setUp -->
        <test-method signature="userCreatingTest()[pri:0, instance:Com.cs.tests.ActiTimeTestCase@22ff4249]" started-at="2024-02-15T18:26:56 IST" name="userCreatingTest" finished-at="2024-02-15T18:27:06 IST" duration-ms="10246" status="PASS">
          <reporter-output>
          </reporter-output>
        </test-method> <!-- userCreatingTest -->
        <test-method is-config="true" signature="tearDown()[pri:0, instance:Com.cs.tests.ActiTimeTestCase@22ff4249]" started-at="2024-02-15T18:27:06 IST" name="tearDown" finished-at="2024-02-15T18:27:07 IST" duration-ms="417" status="PASS">
          <reporter-output>
          </reporter-output>
        </test-method> <!-- tearDown -->
      </class> <!-- Com.cs.tests.ActiTimeTestCase -->
    </test> <!-- Test -->
  </suite> <!-- Suite -->
</testng-results>
