<?xml version="1.0" encoding="UTF-8"?>
<testng-results ignored="0" total="1" passed="1" failed="0" skipped="0">
  <reporter-output>
  </reporter-output>
  <suite started-at="2024-03-12T15:29:44 IST" name="Suite" finished-at="2024-03-12T15:29:51 IST" duration-ms="6724">
    <groups>
    </groups>
    <test started-at="2024-03-12T15:29:44 IST" name="Test" finished-at="2024-03-12T15:29:51 IST" duration-ms="6724">
      <class name="ActiTimeTestCases.CustomerDeletionTest">
        <test-method is-config="true" signature="setUp()[pri:0, instance:ActiTimeTestCases.CustomerDeletionTest@22ff4249]" started-at="2024-03-12T15:29:44 IST" name="setUp" finished-at="2024-03-12T15:29:47 IST" duration-ms="3393" status="PASS">
          <reporter-output>
          </reporter-output>
        </test-method> <!-- setUp -->
        <test-method signature="deleteCustomer()[pri:0, instance:ActiTimeTestCases.CustomerDeletionTest@22ff4249]" started-at="2024-03-12T15:29:47 IST" name="deleteCustomer" finished-at="2024-03-12T15:29:50 IST" duration-ms="3137" status="PASS">
          <reporter-output>
          </reporter-output>
        </test-method> <!-- deleteCustomer -->
        <test-method is-config="true" signature="tearDown()[pri:0, instance:ActiTimeTestCases.CustomerDeletionTest@22ff4249]" started-at="2024-03-12T15:29:50 IST" name="tearDown" finished-at="2024-03-12T15:29:51 IST" duration-ms="155" status="PASS">
          <reporter-output>
          </reporter-output>
        </test-method> <!-- tearDown -->
      </class> <!-- ActiTimeTestCases.CustomerDeletionTest -->
    </test> <!-- Test -->
  </suite> <!-- Suite -->
</testng-results>
